<?xml version="1.0" encoding="UTF-8"?>
<!-- Generated by org.testng.reporters.JUnitReportReporter -->
<testsuite hostname="Sakshi" failures="0" tests="3" name="tests.LoginTest" time="7.598" errors="0" timestamp="2025-09-08T16:00:04 IST" skipped="0">
  <testcase classname="tests.LoginTest" name="validLoginTest" time="2.289"/>
  <testcase classname="tests.LoginTest" name="invalidLoginTest" time="1.983"/>
  <testcase classname="tests.LoginTest" name="logoutTest" time="3.326"/>
</testsuite> <!-- tests.LoginTest -->
