<?xml version="1.0" encoding="UTF-8"?>
<!-- Generated by org.testng.reporters.JUnitReportReporter -->
<testsuite hostname="Sakshi" failures="0" tests="1" name="tests.NavigationUITest" time="0.242" errors="0" timestamp="2025-09-08T16:00:04 IST" skipped="0">
  <testcase classname="tests.NavigationUITest" name="testVerifyBurgerMenuPresence" time="0.242"/>
</testsuite> <!-- tests.NavigationUITest -->
