<?xml version="1.0" encoding="UTF-8"?>
<!-- Generated by org.testng.reporters.JUnitReportReporter -->
<testsuite hostname="Sakshi" failures="0" tests="2" name="tests.CheckoutTest" time="1.102" errors="0" timestamp="2025-09-07T22:10:39 IST" skipped="0">
  <testcase classname="tests.CheckoutTest" name="testNavigateToCheckoutPage" time="0.564"/>
  <testcase classname="tests.CheckoutTest" name="testCheckoutWithValidInformation" time="0.538"/>
</testsuite> <!-- tests.CheckoutTest -->
