<?xml version="1.0" encoding="UTF-8"?>
<!-- Generated by org.testng.reporters.JUnitReportReporter -->
<testsuite hostname="Sakshi" failures="0" tests="2" name="tests.ProductTest" time="10.427" errors="0" timestamp="2025-09-07T11:10:20 IST" skipped="0">
  <testcase classname="tests.ProductTest" name="testAddProductToCart" time="6.168"/>
  <testcase classname="tests.ProductTest" name="testClickOnProductDetails" time="4.259"/>
</testsuite> <!-- tests.ProductTest -->
