<?xml version="1.0" encoding="UTF-8"?>
<!-- Generated by org.testng.reporters.JUnitReportReporter -->
<testsuite hostname="Sakshi" failures="0" tests="1" name="tests.CartTest" time="3.856" errors="0" timestamp="2025-09-07T22:10:39 IST" skipped="0">
  <testcase classname="tests.CartTest" name="testAddProductToCart" time="3.856"/>
</testsuite> <!-- tests.CartTest -->
