<?xml version="1.0" encoding="UTF-8"?>
<!-- Generated by org.testng.reporters.JUnitReportReporter -->
<testsuite hostname="Sakshi" failures="0" tests="1" name="tests.IntegrationTest" time="5.027" errors="0" timestamp="2025-09-07T14:19:40 IST" skipped="0">
  <testcase classname="tests.IntegrationTest" name="testSauceDemoFlow" time="5.027"/>
</testsuite> <!-- tests.IntegrationTest -->
