<?xml version="1.0" encoding="UTF-8"?>
<!-- Generated by org.testng.reporters.JUnitReportReporter -->
<testsuite hostname="Sakshi" failures="0" tests="2" name="tests.CheckoutTest" time="0.980" errors="0" timestamp="2025-09-08T16:00:04 IST" skipped="0">
  <testcase classname="tests.CheckoutTest" name="testNavigateToCheckoutPage" time="0.573"/>
  <testcase classname="tests.CheckoutTest" name="testCheckoutWithValidInformation" time="0.407"/>
</testsuite> <!-- tests.CheckoutTest -->
