<?xml version="1.0" encoding="UTF-8"?>
<!-- Generated by org.testng.reporters.JUnitReportReporter -->
<testsuite hostname="Sakshi" failures="0" tests="2" name="tests.ProductTest" time="6.946" errors="0" timestamp="2025-09-07T22:10:39 IST" skipped="0">
  <testcase classname="tests.ProductTest" name="testAddProductToCart" time="2.955"/>
  <testcase classname="tests.ProductTest" name="testClickOnProductDetails" time="3.991"/>
</testsuite> <!-- tests.ProductTest -->
