<?xml version="1.0" encoding="UTF-8"?>
<!-- Generated by org.testng.reporters.JUnitReportReporter -->
<testsuite hostname="Sakshi" failures="0" tests="1" name="tests.NegativeTest" time="0.245" errors="0" timestamp="2025-09-08T16:00:04 IST" skipped="0">
  <testcase classname="tests.NegativeTest" name="testCheckoutWithEmptyCart" time="0.245"/>
</testsuite> <!-- tests.NegativeTest -->
