<?xml version="1.0" encoding="UTF-8"?>
<!-- Generated by org.testng.reporters.JUnitReportReporter -->
<testsuite hostname="Sakshi" failures="0" tests="3" name="tests.CartTest" time="8.918" errors="0" timestamp="2025-09-07T13:11:53 IST" skipped="0">
  <testcase classname="tests.CartTest" name="testAddProductToCart" time="3.161"/>
  <testcase classname="tests.CartTest" name="testCartEmptyInitially" time="2.581"/>
  <testcase classname="tests.CartTest" name="testCheckoutButtonVisible" time="3.176"/>
</testsuite> <!-- tests.CartTest -->
