<?xml version="1.0" encoding="UTF-8"?>
<!-- Generated by org.testng.reporters.JUnitReportReporter -->
<testsuite hostname="Sakshi" failures="0" tests="1" name="tests.CartTest" time="4.159" errors="0" timestamp="2025-09-08T16:00:04 IST" skipped="0">
  <testcase classname="tests.CartTest" name="testAddProductToCart" time="4.159"/>
</testsuite> <!-- tests.CartTest -->
