<?xml version="1.0" encoding="UTF-8"?>
<!-- Generated by org.testng.reporters.JUnitReportReporter -->
<testsuite hostname="Sakshi" failures="0" tests="6" name="tests.LoginTest" time="33.058" errors="0" timestamp="2025-09-06T12:04:22 IST" skipped="0">
  <testcase classname="tests.LoginTest" name="TC001_validLogin" time="3.209"/>
  <testcase classname="tests.LoginTest" name="TC002_lockedOutUser" time="9.498"/>
  <testcase classname="tests.LoginTest" name="TC003_problemUser" time="5.602"/>
  <testcase classname="tests.LoginTest" name="TC004_performanceGlitchUser" time="8.489"/>
  <testcase classname="tests.LoginTest" name="TC005_invalidCredentials" time="3.139"/>
  <testcase classname="tests.LoginTest" name="TC006_blankUsernamePassword" time="3.121"/>
</testsuite> <!-- tests.LoginTest -->
