<?xml version="1.0" encoding="UTF-8"?>
<!-- Generated by org.testng.reporters.JUnitReportReporter -->
<testsuite hostname="Sakshi" failures="0" tests="2" name="tests.CheckoutTest" time="10.977" errors="0" timestamp="2025-09-07T13:17:31 IST" skipped="0">
  <testcase classname="tests.CheckoutTest" name="testCheckoutWithMissingDetails" time="4.244"/>
  <testcase classname="tests.CheckoutTest" name="testCheckoutWithValidDetails" time="6.733"/>
</testsuite> <!-- tests.CheckoutTest -->
