<?xml version="1.0" encoding="UTF-8"?>
<!-- Generated by org.testng.reporters.JUnitReportReporter -->
<testsuite hostname="Sakshi" failures="0" tests="2" name="tests.ProductTest" time="4.609" errors="0" timestamp="2025-09-08T16:00:04 IST" skipped="0">
  <testcase classname="tests.ProductTest" name="testAddProductToCart" time="2.340"/>
  <testcase classname="tests.ProductTest" name="testClickOnProductDetails" time="2.269"/>
</testsuite> <!-- tests.ProductTest -->
